<?xml version="1.0" encoding="UTF-8"?>
<robot generator="Robot 3.2.2 (Python 3.9.4 on win32)" generated="20210429 11:07:16.951" rpa="false">
<suite id="s1" name="Orbita-Automation" source="E:\github\orbita-automation\orbita-automation">
<suite id="s1-s1" name="Signuptest" source="E:\github\orbita-automation\orbita-automation\signuptest.robot">
<test id="s1-s1-t1" name="S8 Make search for item of prodact">
<kw name="Open Browser" library="SeleniumLibrary" type="setup">
<doc>Opens a new browser instance to the optional ``url``.</doc>
<arguments>
<arg>${AUTH_PAGE_URL}</arg>
<arg>chrome</arg>
</arguments>
<msg timestamp="20210429 11:07:17.099" level="INFO">Opening browser 'chrome' to base url 'https://orbita.te.ua/'.</msg>
<status status="PASS" starttime="20210429 11:07:17.099" endtime="20210429 11:07:19.400"></status>
</kw>
<kw name="Click Element" library="SeleniumLibrary">
<doc>Click the element identified by ``locator``.</doc>
<arguments>
<arg>${SEARCH_LOCATOR}</arg>
</arguments>
<msg timestamp="20210429 11:07:19.401" level="INFO">Clicking element 'xpath=(//input[@name='s'])[2]'.</msg>
<status status="PASS" starttime="20210429 11:07:19.400" endtime="20210429 11:07:19.526"></status>
</kw>
<kw name="Input Text" library="SeleniumLibrary">
<doc>Types the given ``text`` into the text field identified by ``locator``.</doc>
<arguments>
<arg>${SEARCH_LOCATOR}</arg>
</arguments>
<msg timestamp="20210429 11:07:19.526" level="FAIL">Keyword 'SeleniumLibrary.Input Text' expected 2 to 3 arguments, got 1.</msg>
<status status="FAIL" starttime="20210429 11:07:19.526" endtime="20210429 11:07:19.526"></status>
</kw>
<kw name="Close All Browsers" library="SeleniumLibrary" type="teardown">
<doc>Closes all open browsers and resets the browser cache.</doc>
<status status="PASS" starttime="20210429 11:07:19.526" endtime="20210429 11:07:21.642"></status>
</kw>
<tags>
<tag>search</tag>
</tags>
<status status="FAIL" starttime="20210429 11:07:17.098" endtime="20210429 11:07:21.643" critical="yes">Keyword 'SeleniumLibrary.Input Text' expected 2 to 3 arguments, got 1.</status>
</test>
<doc>Tests for testing create an account form</doc>
<status status="FAIL" starttime="20210429 11:07:16.968" endtime="20210429 11:07:21.645"></status>
</suite>
<status status="FAIL" starttime="20210429 11:07:16.952" endtime="20210429 11:07:21.647"></status>
</suite>
<statistics>
<total>
<stat pass="0" fail="1">Critical Tests</stat>
<stat pass="0" fail="1">All Tests</stat>
</total>
<tag>
<stat pass="0" fail="1">search</stat>
</tag>
<suite>
<stat pass="0" fail="1" id="s1" name="Orbita-Automation">Orbita-Automation</stat>
<stat pass="0" fail="1" id="s1-s1" name="Signuptest">Orbita-Automation.Signuptest</stat>
</suite>
</statistics>
<errors>
<msg timestamp="20210429 11:07:17.091" level="ERROR">Error in file 'E:\github\orbita-automation\orbita-automation\signuptest.robot' on line 4: Importing test library 'extended_keywords' failed: ModuleNotFoundError: No module named 'extended_keywords'
Traceback (most recent call last):
  None
PYTHONPATH:
  E:\testerly\rf-selenium\Scripts\robot.exe
  C:\Program Files\WindowsApps\PythonSoftwareFoundation.Python.3.9_3.9.1264.0_x64__qbz5n2kfra8p0\python39.zip
  C:\Program Files\WindowsApps\PythonSoftwareFoundation.Python.3.9_3.9.1264.0_x64__qbz5n2kfra8p0\DLLs
  C:\Program Files\WindowsApps\PythonSoftwareFoundation.Python.3.9_3.9.1264.0_x64__qbz5n2kfra8p0\lib
  C:\Users\skryp_4p61rwg\AppData\Local\Microsoft\WindowsApps\PythonSoftwareFoundation.Python.3.9_qbz5n2kfra8p0
  e:\testerly\rf-selenium
  e:\testerly\rf-selenium\lib\site-packages</msg>
</errors>
</robot>
